#
# A fatal error has been detected by the Java Runtime Environment:
#
#  EXCEPTION_ACCESS_VIOLATION (0xc0000005) at pc=0x000000005d80a6a5, pid=22036, tid=12440
#
# JRE version: Java(TM) SE Runtime Environment (8.0_31-b13) (build 1.8.0_31-b13)
# Java VM: Java HotSpot(TM) 64-Bit Server VM (25.31-b07 mixed mode windows-amd64 compressed oops)
# Problematic frame:
# V  [jvm.dll+0x11a6a5]
#
# Failed to write core dump. Minidumps are not enabled by default on client versions of Windows
#
# If you would like to submit a bug report, please visit:
#   http://bugreport.java.com/bugreport/crash.jsp
#

---------------  T H R E A D  ---------------

Current thread (0x0000000017387800):  JavaThread "JDWP Transport Listener: dt_socket" daemon [_thread_in_vm, id=12440, stack(0x0000000018c10000,0x0000000018d10000)]

siginfo: ExceptionCode=0xc0000005, reading address 0x00003b6500000008

Registers:
RAX=0x0000000018d0f001, RBX=0x0000000017387800, RCX=0x00003b6500000008, RDX=0x0000000000000000
RSP=0x0000000018d0f000, RBP=0x00003b6500000008, RSI=0x0000000018d0f118, RDI=0x00000000025be8a0
R8 =0x0000000017387800, R9 =0x0000000000008000, R10=0x2f707474682f6b72, R11=0x0000000018d0f31a
R12=0x0000000000000000, R13=0x000000001737dac8, R14=0x0000000000000000, R15=0x0000000000000000
RIP=0x000000005d80a6a5, EFLAGS=0x0000000000010202

Top of Stack: (sp=0x0000000018d0f000)
0x0000000018d0f000:   0000000017387800 0000000017387800
0x0000000018d0f010:   0000000018d0f0c8 000000005da07c1b
0x0000000018d0f020:   0000000017387800 000000005da2447d
0x0000000018d0f030:   0000000000000055 000000005d699149
0x0000000018d0f040:   000000001eb5def0 000000005d6a2912
0x0000000018d0f050:   0000000017387800 0000000000000000
0x0000000018d0f060:   0000000000000000 0000000000000000
0x0000000018d0f070:   00003b6500000008 000000005d6a1a09
0x0000000018d0f080:   0000000018d0f118 0000000018d0f0f0
0x0000000018d0f090:   0000000000000001 000000001eb5def0
0x0000000018d0f0a0:   00003b6500000008 000000005d6853b3
0x0000000018d0f0b0:   0000000018d0f1e0 0000000000000001
0x0000000018d0f0c0:   0000000000000001 000000001eb5def0
0x0000000018d0f0d0:   0000000000000001 0000000000000000
0x0000000018d0f0e0:   0000000000000000 0000000000000000
0x0000000018d0f0f0:   0000000000000001 000000005d685571 

Instructions: (pc=0x000000005d80a6a5)
0x000000005d80a685:   cc cc cc cc cc cc cc cc cc cc cc 48 83 ec 28 48
0x000000005d80a695:   85 c9 75 07 33 c0 48 83 c4 28 c3 48 89 5c 24 20
0x000000005d80a6a5:   48 8b 19 48 85 db 74 20 48 83 fb 37 74 1a 48 8b
0x000000005d80a6b5:   13 48 8b cb ff 52 10 84 c0 74 0d 48 8b c3 48 8b 


Register to memory mapping:

RAX=0x0000000018d0f001 is pointing into the stack for thread: 0x0000000017387800
RBX=0x0000000017387800 is a thread
RCX=0x00003b6500000008 is an unknown value
RDX=0x0000000000000000 is an unknown value
RSP=0x0000000018d0f000 is pointing into the stack for thread: 0x0000000017387800
RBP=0x00003b6500000008 is an unknown value
RSI=0x0000000018d0f118 is pointing into the stack for thread: 0x0000000017387800
RDI=0x00000000025be8a0 is an unknown value
R8 =0x0000000017387800 is a thread
R9 =0x0000000000008000 is an unknown value
R10=0x2f707474682f6b72 is an unknown value
R11=0x0000000018d0f31a is pointing into the stack for thread: 0x0000000017387800
R12=0x0000000000000000 is an unknown value
R13=0x000000001737dac8 is an unknown value
R14=0x0000000000000000 is an unknown value
R15=0x0000000000000000 is an unknown value


Stack: [0x0000000018c10000,0x0000000018d10000],  sp=0x0000000018d0f000,  free space=1020k
Native frames: (J=compiled Java code, j=interpreted, Vv=VM code, C=native code)
V  [jvm.dll+0x11a6a5]
V  [jvm.dll+0x33447d]
C  [jdwp.dll+0x21a09]
C  [jdwp.dll+0x53b3]
C  [jdwp.dll+0x5571]
C  [jdwp.dll+0xf09c]
C  [jdwp.dll+0x1f2c9]
C  [jdwp.dll+0x1f49e]
V  [jvm.dll+0x1ac128]
V  [jvm.dll+0x22c194]
V  [jvm.dll+0x28576a]
C  [msvcr100.dll+0x21d9f]
C  [msvcr100.dll+0x21e3b]
C  [KERNEL32.DLL+0x14034]
C  [ntdll.dll+0x73691]


---------------  P R O C E S S  ---------------

Java Threads: ( => current thread )
  0x000000001b8d9800 JavaThread "RMI TCP Connection(343)-127.0.0.1" daemon [_thread_in_native, id=24536, stack(0x00000000408f0000,0x00000000409f0000)]
  0x000000001b8d5800 JavaThread "http-nio-6541-Acceptor" daemon [_thread_in_native, id=5812, stack(0x00000000405f0000,0x00000000406f0000)]
  0x000000001b8db800 JavaThread "http-nio-6541-ClientPoller" daemon [_thread_in_native, id=23260, stack(0x00000000404f0000,0x00000000405f0000)]
  0x000000001b8d5000 JavaThread "http-nio-6541-exec-10" daemon [_thread_blocked, id=10856, stack(0x00000000403f0000,0x00000000404f0000)]
  0x000000001e326000 JavaThread "http-nio-6541-exec-9" daemon [_thread_blocked, id=2800, stack(0x00000000402f0000,0x00000000403f0000)]
  0x000000001e325000 JavaThread "http-nio-6541-exec-8" daemon [_thread_blocked, id=22060, stack(0x00000000401f0000,0x00000000402f0000)]
  0x000000001e328000 JavaThread "http-nio-6541-exec-7" daemon [_thread_blocked, id=22136, stack(0x00000000400f0000,0x00000000401f0000)]
  0x000000001e327800 JavaThread "http-nio-6541-exec-6" daemon [_thread_blocked, id=19060, stack(0x000000003fff0000,0x00000000400f0000)]
  0x000000001e329000 JavaThread "http-nio-6541-exec-5" daemon [_thread_blocked, id=14580, stack(0x000000003fef0000,0x000000003fff0000)]
  0x000000001e31d800 JavaThread "http-nio-6541-exec-4" daemon [_thread_blocked, id=19868, stack(0x000000003fdf0000,0x000000003fef0000)]
  0x000000001e324800 JavaThread "http-nio-6541-exec-3" daemon [_thread_blocked, id=18992, stack(0x000000003fcf0000,0x000000003fdf0000)]
  0x000000001e323000 JavaThread "http-nio-6541-exec-2" daemon [_thread_blocked, id=3964, stack(0x000000003fbf0000,0x000000003fcf0000)]
  0x000000001e31b000 JavaThread "http-nio-6541-exec-1" daemon [_thread_blocked, id=9796, stack(0x000000003faf0000,0x000000003fbf0000)]
  0x000000001e31e000 JavaThread "http-nio-6541-BlockPoller" daemon [_thread_in_native, id=19228, stack(0x000000003f9f0000,0x000000003faf0000)]
  0x000000001e31c800 JavaThread "File Watcher" daemon [_thread_blocked, id=4500, stack(0x000000003f8f0000,0x000000003f9f0000)]
  0x000000001e31c000 JavaThread "container-0" [_thread_blocked, id=3100, stack(0x000000003f7f0000,0x000000003f8f0000)]
  0x000000001e322000 JavaThread "Catalina-utility-2" [_thread_blocked, id=22084, stack(0x000000003f6f0000,0x000000003f7f0000)]
  0x000000001e31f800 JavaThread "Catalina-utility-1" [_thread_blocked, id=20944, stack(0x000000003f5f0000,0x000000003f6f0000)]
  0x000000001e31f000 JavaThread "HikariPool-18 housekeeper" daemon [_thread_blocked, id=12224, stack(0x000000003f3f0000,0x000000003f4f0000)]
  0x000000001e323800 JavaThread "DestroyJavaVM" [_thread_blocked, id=22836, stack(0x0000000002630000,0x0000000002730000)]
  0x000000001b8d8800 JavaThread "Live Reload Server" daemon [_thread_in_native, id=14992, stack(0x000000001f7f0000,0x000000001f8f0000)]
  0x000000001b8da000 JavaThread "mysql-cj-abandoned-connection-cleanup" daemon [_thread_blocked, id=21048, stack(0x000000001d020000,0x000000001d120000)]
  0x0000000019a81800 JavaThread "JMX server connection timeout 20" daemon [_thread_blocked, id=9188, stack(0x000000001a750000,0x000000001a850000)]
  0x0000000019a73800 JavaThread "RMI Scheduler(0)" daemon [_thread_blocked, id=20704, stack(0x000000001a550000,0x000000001a650000)]
  0x0000000019856800 JavaThread "RMI TCP Accept-0" daemon [_thread_in_native, id=10616, stack(0x000000001a110000,0x000000001a210000)]
  0x000000001983c000 JavaThread "RMI TCP Accept-56762" daemon [_thread_in_native, id=220, stack(0x000000001a010000,0x000000001a110000)]
  0x0000000019827800 JavaThread "RMI TCP Accept-0" daemon [_thread_in_native, id=15404, stack(0x0000000019f10000,0x000000001a010000)]
  0x000000001925d800 JavaThread "Service Thread" daemon [_thread_blocked, id=20820, stack(0x0000000019610000,0x0000000019710000)]
  0x00000000173a2800 JavaThread "C1 CompilerThread2" daemon [_thread_blocked, id=23440, stack(0x0000000019110000,0x0000000019210000)]
  0x00000000173a1800 JavaThread "C2 CompilerThread1" daemon [_thread_blocked, id=21620, stack(0x0000000019010000,0x0000000019110000)]
  0x000000001739a800 JavaThread "C2 CompilerThread0" daemon [_thread_blocked, id=19864, stack(0x0000000018f10000,0x0000000019010000)]
  0x000000001738e000 JavaThread "JDWP Command Reader" daemon [_thread_in_native, id=6156, stack(0x0000000018e10000,0x0000000018f10000)]
  0x000000001738c800 JavaThread "JDWP Event Helper Thread" daemon [_thread_blocked, id=5152, stack(0x0000000018d10000,0x0000000018e10000)]
=>0x0000000017387800 JavaThread "JDWP Transport Listener: dt_socket" daemon [_thread_in_vm, id=12440, stack(0x0000000018c10000,0x0000000018d10000)]
  0x0000000017375000 JavaThread "Attach Listener" daemon [_thread_blocked, id=22184, stack(0x00000000187d0000,0x00000000188d0000)]
  0x0000000017374000 JavaThread "Signal Dispatcher" daemon [_thread_blocked, id=20560, stack(0x00000000186d0000,0x00000000187d0000)]
  0x0000000002828000 JavaThread "Finalizer" daemon [_thread_blocked, id=6348, stack(0x00000000185d0000,0x00000000186d0000)]
  0x0000000017338000 JavaThread "Reference Handler" daemon [_thread_blocked, id=932, stack(0x00000000184d0000,0x00000000185d0000)]

Other Threads:
  0x0000000017336800 VMThread [stack: 0x00000000183d0000,0x00000000184d0000] [id=22384]
  0x0000000019859800 WatcherThread [stack: 0x000000001a210000,0x000000001a310000] [id=17208]

VM state:synchronizing (normal execution)

VM Mutex/Monitor currently owned by a thread:  ([mutex/lock_event])
[0x0000000002732e60] Threads_lock - owner thread: 0x0000000017336800

Heap:
 PSYoungGen      total 260608K, used 178196K [0x00000000d5e00000, 0x00000000e7d00000, 0x0000000100000000)
  eden space 256512K, 67% used [0x00000000d5e00000,0x00000000e08550e8,0x00000000e5880000)
  from space 4096K, 92% used [0x00000000e6c00000,0x00000000e6fb0300,0x00000000e7000000)
  to   space 10240K, 0% used [0x00000000e7300000,0x00000000e7300000,0x00000000e7d00000)
 ParOldGen       total 133120K, used 29491K [0x0000000081a00000, 0x0000000089c00000, 0x00000000d5e00000)
  object space 133120K, 22% used [0x0000000081a00000,0x00000000836ccca8,0x0000000089c00000)
 Metaspace       used 68998K, capacity 75010K, committed 75136K, reserved 1114112K
  class space    used 9606K, capacity 10872K, committed 10880K, reserved 1048576K

Card table byte_map: [0x0000000011bf0000,0x0000000011ff0000] byte_map_base: 0x00000000117e3000

Marking Bits: (ParMarkBitMap*) 0x000000005decd4f0
 Begin Bits: [0x00000000126a0000, 0x0000000014638000)
 End Bits:   [0x0000000014638000, 0x00000000165d0000)

Polling page: 0x0000000000a10000

CodeCache: size=245760Kb used=21967Kb max_used=21967Kb free=223792Kb
 bounds [0x0000000002830000, 0x0000000003db0000, 0x0000000011830000]
 total_blobs=12058 nmethods=11487 adapters=490
 compilation: enabled

Compilation events (10 events):
Event: 14897.286 Thread 0x00000000173a2800 11655       1       org.apache.catalina.core.ContainerBase$ContainerBackgroundProcessorMonitor::run (21 bytes)
Event: 14897.288 Thread 0x00000000173a2800 nmethod 11655 0x0000000003da62d0 code [0x0000000003da6440, 0x0000000003da65a8]
Event: 14897.289 Thread 0x00000000173a2800 11656       1       org.apache.catalina.core.StandardServer$1::run (8 bytes)
Event: 14897.290 Thread 0x00000000173a2800 nmethod 11656 0x0000000003da66d0 code [0x0000000003da6820, 0x0000000003da6968]
Event: 14898.025 Thread 0x00000000173a2800 11657       1       org.apache.coyote.AbstractProtocol$1::run (18 bytes)
Event: 14898.030 Thread 0x00000000173a2800 nmethod 11657 0x0000000003da6a10 code [0x0000000003da6b80, 0x0000000003da6ce8]
Event: 14958.034 Thread 0x00000000173a2800 11658   !   1       org.apache.coyote.AbstractProtocol::startAsyncTimeout (104 bytes)
Event: 14958.038 Thread 0x00000000173a2800 nmethod 11658 0x0000000003da6e10 code [0x0000000003da6fe0, 0x0000000003da73f8]
Event: 14958.352 Thread 0x00000000173a2800 11659       1       org.apache.catalina.session.ManagerBase::findSessions (22 bytes)
Event: 14958.352 Thread 0x00000000173a2800 nmethod 11659 0x0000000003da7690 code [0x0000000003da7800, 0x0000000003da7a38]

GC Heap History (10 events):
Event: 4754.125 GC heap before
{Heap before GC invocations=49 (full 19):
 PSYoungGen      total 292864K, used 217935K [0x00000000d5e00000, 0x00000000e8a00000, 0x0000000100000000)
  eden space 285696K, 76% used [0x00000000d5e00000,0x00000000e32d3c98,0x00000000e7500000)
  from space 7168K, 0% used [0x00000000e7500000,0x00000000e7500000,0x00000000e7c00000)
  to   space 10752K, 0% used [0x00000000e7f80000,0x00000000e7f80000,0x00000000e8a00000)
 ParOldGen       total 133120K, used 26229K [0x0000000081a00000, 0x0000000089c00000, 0x00000000d5e00000)
  object space 133120K, 19% used [0x0000000081a00000,0x000000008339d5f8,0x0000000089c00000)
 Metaspace       used 68541K, capacity 74500K, committed 74624K, reserved 1114112K
  class space    used 9558K, capacity 10832K, committed 10880K, reserved 1048576K
Event: 4754.146 GC heap after
Heap after GC invocations=49 (full 19):
 PSYoungGen      total 295424K, used 5604K [0x00000000d5e00000, 0x00000000e8900000, 0x0000000100000000)
  eden space 285696K, 0% used [0x00000000d5e00000,0x00000000d5e00000,0x00000000e7500000)
  from space 9728K, 57% used [0x00000000e7f80000,0x00000000e84f9170,0x00000000e8900000)
  to   space 10240K, 0% used [0x00000000e7500000,0x00000000e7500000,0x00000000e7f00000)
 ParOldGen       total 133120K, used 26237K [0x0000000081a00000, 0x0000000089c00000, 0x00000000d5e00000)
  object space 133120K, 19% used [0x0000000081a00000,0x000000008339f5f8,0x0000000089c00000)
 Metaspace       used 68541K, capacity 74500K, committed 74624K, reserved 1114112K
  class space    used 9558K, capacity 10832K, committed 10880K, reserved 1048576K
}
Event: 4754.146 GC heap before
{Heap before GC invocations=50 (full 20):
 PSYoungGen      total 295424K, used 5604K [0x00000000d5e00000, 0x00000000e8900000, 0x0000000100000000)
  eden space 285696K, 0% used [0x00000000d5e00000,0x00000000d5e00000,0x00000000e7500000)
  from space 9728K, 57% used [0x00000000e7f80000,0x00000000e84f9170,0x00000000e8900000)
  to   space 10240K, 0% used [0x00000000e7500000,0x00000000e7500000,0x00000000e7f00000)
 ParOldGen       total 133120K, used 26237K [0x0000000081a00000, 0x0000000089c00000, 0x00000000d5e00000)
  object space 133120K, 19% used [0x0000000081a00000,0x000000008339f5f8,0x0000000089c00000)
 Metaspace       used 68541K, capacity 74500K, committed 74624K, reserved 1114112K
  class space    used 9558K, capacity 10832K, committed 10880K, reserved 1048576K
Event: 4754.401 GC heap after
Heap after GC invocations=50 (full 20):
 PSYoungGen      total 295424K, used 0K [0x00000000d5e00000, 0x00000000e8900000, 0x0000000100000000)
  eden space 285696K, 0% used [0x00000000d5e00000,0x00000000d5e00000,0x00000000e7500000)
  from space 9728K, 0% used [0x00000000e7f80000,0x00000000e7f80000,0x00000000e8900000)
  to   space 10240K, 0% used [0x00000000e7500000,0x00000000e7500000,0x00000000e7f00000)
 ParOldGen       total 133120K, used 25995K [0x0000000081a00000, 0x0000000089c00000, 0x00000000d5e00000)
  object space 133120K, 19% used [0x0000000081a00000,0x0000000083362c88,0x0000000089c00000)
 Metaspace       used 68527K, capacity 74476K, committed 74624K, reserved 1114112K
  class space    used 9556K, capacity 10827K, committed 10880K, reserved 1048576K
}
Event: 5833.179 GC heap before
{Heap before GC invocations=51 (full 20):
 PSYoungGen      total 295424K, used 285696K [0x00000000d5e00000, 0x00000000e8900000, 0x0000000100000000)
  eden space 285696K, 100% used [0x00000000d5e00000,0x00000000e7500000,0x00000000e7500000)
  from space 9728K, 0% used [0x00000000e7f80000,0x00000000e7f80000,0x00000000e8900000)
  to   space 10240K, 0% used [0x00000000e7500000,0x00000000e7500000,0x00000000e7f00000)
 ParOldGen       total 133120K, used 25995K [0x0000000081a00000, 0x0000000089c00000, 0x00000000d5e00000)
  object space 133120K, 19% used [0x0000000081a00000,0x0000000083362c88,0x0000000089c00000)
 Metaspace       used 68930K, capacity 74946K, committed 75136K, reserved 1114112K
  class space    used 9597K, capacity 10872K, committed 10880K, reserved 1048576K
Event: 5833.213 GC heap after
Heap after GC invocations=51 (full 20):
 PSYoungGen      total 283136K, used 7651K [0x00000000d5e00000, 0x00000000e8000000, 0x0000000100000000)
  eden space 275456K, 0% used [0x00000000d5e00000,0x00000000d5e00000,0x00000000e6b00000)
  from space 7680K, 99% used [0x00000000e7500000,0x00000000e7c78dc8,0x00000000e7c80000)
  to   space 3584K, 0% used [0x00000000e7c80000,0x00000000e7c80000,0x00000000e8000000)
 ParOldGen       total 133120K, used 26003K [0x0000000081a00000, 0x0000000089c00000, 0x00000000d5e00000)
  object space 133120K, 19% used [0x0000000081a00000,0x0000000083364c88,0x0000000089c00000)
 Metaspace       used 68930K, capacity 74946K, committed 75136K, reserved 1114112K
  class space    used 9597K, capacity 10872K, committed 10880K, reserved 1048576K
}
Event: 9394.921 GC heap before
{Heap before GC invocations=52 (full 20):
 PSYoungGen      total 283136K, used 283107K [0x00000000d5e00000, 0x00000000e8000000, 0x0000000100000000)
  eden space 275456K, 100% used [0x00000000d5e00000,0x00000000e6b00000,0x00000000e6b00000)
  from space 7680K, 99% used [0x00000000e7500000,0x00000000e7c78dc8,0x00000000e7c80000)
  to   space 3584K, 0% used [0x00000000e7c80000,0x00000000e7c80000,0x00000000e8000000)
 ParOldGen       total 133120K, used 26003K [0x0000000081a00000, 0x0000000089c00000, 0x00000000d5e00000)
  object space 133120K, 19% used [0x0000000081a00000,0x0000000083364c88,0x0000000089c00000)
 Metaspace       used 68930K, capacity 74946K, committed 75136K, reserved 1114112K
  class space    used 9597K, capacity 10872K, committed 10880K, reserved 1048576K
Event: 9395.027 GC heap after
Heap after GC invocations=52 (full 20):
 PSYoungGen      total 269312K, used 3571K [0x00000000d5e00000, 0x00000000e8000000, 0x0000000100000000)
  eden space 265728K, 0% used [0x00000000d5e00000,0x00000000d5e00000,0x00000000e6180000)
  from space 3584K, 99% used [0x00000000e7c80000,0x00000000e7ffcc30,0x00000000e8000000)
  to   space 10240K, 0% used [0x00000000e6c00000,0x00000000e6c00000,0x00000000e7600000)
 ParOldGen       total 133120K, used 29483K [0x0000000081a00000, 0x0000000089c00000, 0x00000000d5e00000)
  object space 133120K, 22% used [0x0000000081a00000,0x00000000836caca8,0x0000000089c00000)
 Metaspace       used 68930K, capacity 74946K, committed 75136K, reserved 1114112K
  class space    used 9597K, capacity 10872K, committed 10880K, reserved 1048576K
}
Event: 12815.437 GC heap before
{Heap before GC invocations=53 (full 20):
 PSYoungGen      total 269312K, used 269299K [0x00000000d5e00000, 0x00000000e8000000, 0x0000000100000000)
  eden space 265728K, 100% used [0x00000000d5e00000,0x00000000e6180000,0x00000000e6180000)
  from space 3584K, 99% used [0x00000000e7c80000,0x00000000e7ffcc30,0x00000000e8000000)
  to   space 10240K, 0% used [0x00000000e6c00000,0x00000000e6c00000,0x00000000e7600000)
 ParOldGen       total 133120K, used 29483K [0x0000000081a00000, 0x0000000089c00000, 0x00000000d5e00000)
  object space 133120K, 22% used [0x0000000081a00000,0x00000000836caca8,0x0000000089c00000)
 Metaspace       used 68932K, capacity 74946K, committed 75136K, reserved 1114112K
  class space    used 9597K, capacity 10872K, committed 10880K, reserved 1048576K
Event: 12815.463 GC heap after
Heap after GC invocations=53 (full 20):
 PSYoungGen      total 260608K, used 3776K [0x00000000d5e00000, 0x00000000e7d00000, 0x0000000100000000)
  eden space 256512K, 0% used [0x00000000d5e00000,0x00000000d5e00000,0x00000000e5880000)
  from space 4096K, 92% used [0x00000000e6c00000,0x00000000e6fb0300,0x00000000e7000000)
  to   space 10240K, 0% used [0x00000000e7300000,0x00000000e7300000,0x00000000e7d00000)
 ParOldGen       total 133120K, used 29491K [0x0000000081a00000, 0x0000000089c00000, 0x00000000d5e00000)
  object space 133120K, 22% used [0x0000000081a00000,0x00000000836ccca8,0x0000000089c00000)
 Metaspace       used 68932K, capacity 74946K, committed 75136K, reserved 1114112K
  class space    used 9597K, capacity 10872K, committed 10880K, reserved 1048576K
}

Deoptimization events (0 events):
No events

Internal exceptions (10 events):
Event: 4757.680 Thread 0x000000001e320800 Exception <a 'java/security/PrivilegedActionException'> (0x00000000e14326e0) thrown at [C:\workspace\8-2-build-windows-amd64-cygwin\jdk8u31\2394\hotspot\src\share\vm\prims\jvm.cpp, line 1312]
Event: 4757.680 Thread 0x000000001e320800 Exception <a 'java/security/PrivilegedActionException'> (0x00000000e1433cf0) thrown at [C:\workspace\8-2-build-windows-amd64-cygwin\jdk8u31\2394\hotspot\src\share\vm\prims\jvm.cpp, line 1312]
Event: 4757.680 Thread 0x000000001e320800 Exception <a 'java/security/PrivilegedActionException'> (0x00000000e14346c0) thrown at [C:\workspace\8-2-build-windows-amd64-cygwin\jdk8u31\2394\hotspot\src\share\vm\prims\jvm.cpp, line 1312]
Event: 4757.680 Thread 0x000000001e320800 Exception <a 'java/security/PrivilegedActionException'> (0x00000000e143a8a0) thrown at [C:\workspace\8-2-build-windows-amd64-cygwin\jdk8u31\2394\hotspot\src\share\vm\prims\jvm.cpp, line 1312]
Event: 4757.689 Thread 0x000000001e320800 Exception <a 'java/lang/ArrayIndexOutOfBoundsException'> (0x00000000e1505058) thrown at [C:\workspace\8-2-build-windows-amd64-cygwin\jdk8u31\2394\hotspot\src\share\vm\runtime\sharedRuntime.cpp, line 604]
Event: 4757.738 Thread 0x000000001e320800 Exception <a 'java/lang/ArrayIndexOutOfBoundsException'> (0x00000000e1a1ed48) thrown at [C:\workspace\8-2-build-windows-amd64-cygwin\jdk8u31\2394\hotspot\src\share\vm\runtime\sharedRuntime.cpp, line 604]
Event: 4757.749 Thread 0x000000001e320800 Exception <a 'java/lang/ArrayIndexOutOfBoundsException'> (0x00000000e1ac7120) thrown at [C:\workspace\8-2-build-windows-amd64-cygwin\jdk8u31\2394\hotspot\src\share\vm\runtime\sharedRuntime.cpp, line 604]
Event: 4757.773 Thread 0x000000001e320800 Exception <a 'java/lang/ArrayIndexOutOfBoundsException'> (0x00000000e1bd0170) thrown at [C:\workspace\8-2-build-windows-amd64-cygwin\jdk8u31\2394\hotspot\src\share\vm\runtime\sharedRuntime.cpp, line 604]
Event: 4757.774 Thread 0x000000001e320800 Exception <a 'java/lang/ArrayIndexOutOfBoundsException'> (0x00000000e1bd1630) thrown at [C:\workspace\8-2-build-windows-amd64-cygwin\jdk8u31\2394\hotspot\src\share\vm\runtime\sharedRuntime.cpp, line 604]
Event: 4757.775 Thread 0x000000001e320800 Exception <a 'java/lang/ArrayIndexOutOfBoundsException'> (0x00000000e1be6d10) thrown at [C:\workspace\8-2-build-windows-amd64-cygwin\jdk8u31\2394\hotspot\src\share\vm\runtime\sharedRuntime.cpp, line 604]

Events (10 events):
Event: 13675.350 Executing VM operation: RevokeBias
Event: 13675.350 Executing VM operation: RevokeBias done
Event: 13681.229 Executing VM operation: RevokeBias
Event: 13681.230 Executing VM operation: RevokeBias done
Event: 13681.230 Thread 0x000000001b8d6800 Thread exited: 0x000000001b8d6800
Event: 13681.245 Executing VM operation: RevokeBias
Event: 13681.246 Executing VM operation: RevokeBias done
Event: 13681.246 Thread 0x000000001b8d7000 Thread exited: 0x000000001b8d7000
Event: 15064.769 Executing VM operation: RedefineClasses
Event: 15066.011 Executing VM operation: RedefineClasses done


Dynamic libraries:
0x00007ff6aa1d0000 - 0x00007ff6aa204000 	C:\Program Files\Java\jre1.8.0_31\bin\javaw.exe
0x00007ffccd590000 - 0x00007ffccd771000 	C:\WINDOWS\SYSTEM32\ntdll.dll
0x00007ffccad40000 - 0x00007ffccadf1000 	C:\WINDOWS\System32\KERNEL32.DLL
0x00007ffcca1b0000 - 0x00007ffcca423000 	C:\WINDOWS\System32\KERNELBASE.dll
0x000000005f870000 - 0x000000005f8f9000 	C:\WINDOWS\System32\SYSFER.DLL
0x00007ffccb0e0000 - 0x00007ffccb181000 	C:\WINDOWS\System32\ADVAPI32.dll
0x00007ffccd0b0000 - 0x00007ffccd14e000 	C:\WINDOWS\System32\msvcrt.dll
0x00007ffccd290000 - 0x00007ffccd2eb000 	C:\WINDOWS\System32\sechost.dll
0x00007ffccd430000 - 0x00007ffccd554000 	C:\WINDOWS\System32\RPCRT4.dll
0x00007ffcccdb0000 - 0x00007ffcccf40000 	C:\WINDOWS\System32\USER32.dll
0x00007ffcca190000 - 0x00007ffcca1b0000 	C:\WINDOWS\System32\win32u.dll
0x00007ffccaf40000 - 0x00007ffccaf68000 	C:\WINDOWS\System32\GDI32.dll
0x00007ffcca690000 - 0x00007ffcca821000 	C:\WINDOWS\System32\gdi32full.dll
0x00007ffcca070000 - 0x00007ffcca10f000 	C:\WINDOWS\System32\msvcp_win.dll
0x00007ffcca430000 - 0x00007ffcca528000 	C:\WINDOWS\System32\ucrtbase.dll
0x00007ffcba780000 - 0x00007ffcba9e9000 	C:\WINDOWS\WinSxS\amd64_microsoft.windows.common-controls_6595b64144ccf1df_6.0.17134.885_none_fb42a3473065565f\COMCTL32.dll
0x00007ffccca80000 - 0x00007ffcccda2000 	C:\WINDOWS\System32\combase.dll
0x00007ffcca110000 - 0x00007ffcca189000 	C:\WINDOWS\System32\bcryptPrimitives.dll
0x00007ffccaf10000 - 0x00007ffccaf3d000 	C:\WINDOWS\System32\IMM32.DLL
0x000000005e200000 - 0x000000005e2d2000 	C:\Program Files\Java\jre1.8.0_31\bin\msvcr100.dll
0x000000005d6f0000 - 0x000000005df4a000 	C:\Program Files\Java\jre1.8.0_31\bin\server\jvm.dll
0x00007ffccaf70000 - 0x00007ffccaf78000 	C:\WINDOWS\System32\PSAPI.DLL
0x00007ffcc62b0000 - 0x00007ffcc62b9000 	C:\WINDOWS\SYSTEM32\WSOCK32.dll
0x00007ffccd150000 - 0x00007ffccd1bc000 	C:\WINDOWS\System32\WS2_32.dll
0x00007ffcc7960000 - 0x00007ffcc7983000 	C:\WINDOWS\SYSTEM32\WINMM.dll
0x00007ffcc75d0000 - 0x00007ffcc75fa000 	C:\WINDOWS\SYSTEM32\WINMMBASE.dll
0x00007ffcca5e0000 - 0x00007ffcca629000 	C:\WINDOWS\System32\cfgmgr32.dll
0x000000005f330000 - 0x000000005f33f000 	C:\Program Files\Java\jre1.8.0_31\bin\verify.dll
0x000000005d6c0000 - 0x000000005d6e8000 	C:\Program Files\Java\jre1.8.0_31\bin\java.dll
0x000000005d680000 - 0x000000005d6b5000 	C:\Program Files\Java\jre1.8.0_31\bin\jdwp.dll
0x000000005e1f0000 - 0x000000005e1f8000 	C:\Program Files\Java\jre1.8.0_31\bin\npt.dll
0x000000005d660000 - 0x000000005d676000 	C:\Program Files\Java\jre1.8.0_31\bin\zip.dll
0x00007ffccb5e0000 - 0x00007ffccca20000 	C:\WINDOWS\System32\SHELL32.dll
0x00007ffccd2f0000 - 0x00007ffccd399000 	C:\WINDOWS\System32\shcore.dll
0x00007ffcc9960000 - 0x00007ffcca06d000 	C:\WINDOWS\System32\windows.storage.dll
0x00007ffccb080000 - 0x00007ffccb0d1000 	C:\WINDOWS\System32\shlwapi.dll
0x00007ffcc9920000 - 0x00007ffcc9931000 	C:\WINDOWS\System32\kernel.appcore.dll
0x00007ffcc9940000 - 0x00007ffcc995f000 	C:\WINDOWS\System32\profapi.dll
0x00007ffcc98a0000 - 0x00007ffcc98ec000 	C:\WINDOWS\System32\powrprof.dll
0x00007ffcc98f0000 - 0x00007ffcc98fa000 	C:\WINDOWS\System32\FLTLIB.DLL
0x000000005e1e0000 - 0x000000005e1e9000 	C:\Program Files\Java\jre1.8.0_31\bin\dt_socket.dll
0x00007ffcb4800000 - 0x00007ffcb4816000 	C:\WINDOWS\system32\napinsp.dll
0x00007ffcb3d90000 - 0x00007ffcb3daa000 	C:\WINDOWS\system32\pnrpnsp.dll
0x00007ffcc52b0000 - 0x00007ffcc52c9000 	C:\WINDOWS\system32\NLAapi.dll
0x00007ffcc90c0000 - 0x00007ffcc9126000 	C:\WINDOWS\System32\mswsock.dll
0x00007ffcc8e90000 - 0x00007ffcc8f4e000 	C:\WINDOWS\SYSTEM32\DNSAPI.dll
0x00007ffccd0a0000 - 0x00007ffccd0a8000 	C:\WINDOWS\System32\NSI.dll
0x00007ffcc8e50000 - 0x00007ffcc8e88000 	C:\WINDOWS\SYSTEM32\IPHLPAPI.DLL
0x00007ffcb3d00000 - 0x00007ffcb3d0e000 	C:\WINDOWS\System32\winrnr.dll
0x00007ffcb3b20000 - 0x00007ffcb3b35000 	C:\WINDOWS\System32\wshbth.dll
0x00007ffcbb4e0000 - 0x00007ffcbb552000 	C:\WINDOWS\System32\fwpuclnt.dll
0x00007ffcc9400000 - 0x00007ffcc9425000 	C:\WINDOWS\SYSTEM32\bcrypt.dll
0x00007ffcba220000 - 0x00007ffcba22a000 	C:\Windows\System32\rasadhlp.dll
0x000000005d650000 - 0x000000005d65d000 	C:\Program Files\Java\jre1.8.0_31\bin\management.dll
0x000000005d630000 - 0x000000005d64a000 	C:\Program Files\Java\jre1.8.0_31\bin\net.dll
0x000000005d610000 - 0x000000005d621000 	C:\Program Files\Java\jre1.8.0_31\bin\nio.dll
0x00007ffcc92d0000 - 0x00007ffcc92e7000 	C:\WINDOWS\SYSTEM32\CRYPTSP.dll
0x00007ffcc8cb0000 - 0x00007ffcc8ce3000 	C:\WINDOWS\system32\rsaenh.dll
0x00007ffcc97d0000 - 0x00007ffcc97f8000 	C:\WINDOWS\SYSTEM32\USERENV.dll
0x00007ffcc92f0000 - 0x00007ffcc92fb000 	C:\WINDOWS\SYSTEM32\CRYPTBASE.dll
0x00007ffcc0ef0000 - 0x00007ffcc0f06000 	C:\WINDOWS\SYSTEM32\dhcpcsvc6.DLL
0x00007ffcc13e0000 - 0x00007ffcc13fa000 	C:\WINDOWS\SYSTEM32\dhcpcsvc.DLL
0x000000005d5e0000 - 0x000000005d604000 	C:\Program Files\Java\jre1.8.0_31\bin\sunec.dll
0x00007ffcc5ec0000 - 0x00007ffcc6089000 	C:\WINDOWS\SYSTEM32\dbghelp.dll

VM Arguments:
jvm_args: -agentlib:jdwp=transport=dt_socket,suspend=y,address=localhost:56763 -Dcom.sun.management.jmxremote -Dcom.sun.management.jmxremote.port=56762 -Dcom.sun.management.jmxremote.authenticate=false -Dcom.sun.management.jmxremote.ssl=false -Djava.rmi.server.hostname=localhost -Dspring.liveBeansView.mbeanDomain -Dspring.application.admin.enabled=true -Xverify:none -XX:TieredStopAtLevel=1 -Dfile.encoding=UTF-8 
java_command: com.ravish.mypoll.MyPollApplication --spring.output.ansi.enabled=always
java_class_path (initial): C:\Program Files\Java\jre1.8.0_31\lib\resources.jar;C:\Program Files\Java\jre1.8.0_31\lib\rt.jar;C:\Program Files\Java\jre1.8.0_31\lib\jsse.jar;C:\Program Files\Java\jre1.8.0_31\lib\jce.jar;C:\Program Files\Java\jre1.8.0_31\lib\charsets.jar;C:\Program Files\Java\jre1.8.0_31\lib\jfr.jar;C:\Program Files\Java\jre1.8.0_31\lib\ext\access-bridge-64.jar;C:\Program Files\Java\jre1.8.0_31\lib\ext\cldrdata.jar;C:\Program Files\Java\jre1.8.0_31\lib\ext\dnsns.jar;C:\Program Files\Java\jre1.8.0_31\lib\ext\dns_sd.jar;C:\Program Files\Java\jre1.8.0_31\lib\ext\jaccess.jar;C:\Program Files\Java\jre1.8.0_31\lib\ext\jfxrt.jar;C:\Program Files\Java\jre1.8.0_31\lib\ext\localedata.jar;C:\Program Files\Java\jre1.8.0_31\lib\ext\nashorn.jar;C:\Program Files\Java\jre1.8.0_31\lib\ext\sunec.jar;C:\Program Files\Java\jre1.8.0_31\lib\ext\sunjce_provider.jar;C:\Program Files\Java\jre1.8.0_31\lib\ext\sunmscapi.jar;C:\Program Files\Java\jre1.8.0_31\lib\ext\sunpkcs11.jar;C:\Program Files\Java\jre1.8.0_31\lib\ext\zipfs.jar;E:\LProjects\my-poll\target\classes;C:\Users\Administrator\.m2\repository\org\springframework\boot\spring-boot-starter-data-jpa\2.1.6.RELEASE\spring-boot-starter-data-jpa-2.1.6.RELEASE.jar;C:\Users\Administrator\.m2\repository\org\springframework\boot\spring-boot-starter-aop\2.1.6.RELEASE\spring-boot-starter-aop-2.1.6.RELEASE.jar;C:\Users\Administrator\.m2\repository\org\aspectj\aspectjweaver\1.9.4\aspectjweaver-1.9.4.jar;C:\Users\Administrator\.m2\repository\org\springframework\boot\spring-boot-starter-jdbc\2.1.6.RELEASE\spring-boot-starter-jdbc-2.1.6.RELEASE.jar;C:\Users\Administrator\.m2\repository\com\zaxxer\HikariCP\3.2.0\HikariCP-3.2.0.jar;C:\Users\Administrator\.m2\repository\org\springframework\spring-jdbc\5.1.8.RELEASE\spring-jdbc-5.1.8.RELEASE.jar;C:\Users\Administrator\.m2\repository\javax\transaction\javax.transaction-api\1.3\javax.transaction-api-1.3.jar;C:\Users\Administrator\.m2\repository\javax\xml\bind\jaxb-api\2.3.1\jaxb-api-2.3.1.jar
Launcher Type: SUN_STANDARD

Environment Variables:
PATH=C:/Program Files/Java/jre1.8.0_221/bin/server;C:/Program Files/Java/jre1.8.0_221/bin;C:/Program Files/Java/jre1.8.0_221/lib/amd64;C:\Program Files (x86)\Common Files\Oracle\Java\javapath;C:\ProgramData\Oracle\Java\javapath;C:\Program Files (x86)\Intel\iCLS Client\;C:\Program Files\Intel\iCLS Client\;C:\WINDOWS\system32;C:\WINDOWS;C:\WINDOWS\System32\Wbem;C:\WINDOWS\System32\WindowsPowerShell\v1.0\;C:\Program Files (x86)\Intel\Intel(R) Management Engine Components\DAL;C:\Program Files\Intel\Intel(R) Management Engine Components\DAL;C:\Program Files (x86)\Intel\Intel(R) Management Engine Components\IPT;C:\Program Files\Intel\Intel(R) Management Engine Components\IPT;C:\Program Files (x86)\Skype\Phone\;C:\Program Files (x86)\PuTTY\;C:\Program Files\Git\cmd;C:\xampp\php;C:\ProgramData\ComposerSetup\bin;C:\Program Files\TortoiseSVN\bin;C:\Program Files\TortoiseGit\bin;D:\Installs\sonar-scanner\bin;C:\WINDOWS\System32\OpenSSH\;C:\Program Files\Microsoft VS Code\bin;C:\Program Files\Intel\WiFi\bin\;C:\Program Files\Common Files\Intel\WirelessCommon\;C:\Program Files (x86)\QuickTime\QTSystem\;C:\Program Files\nodejs\;C:\Users\Administrator\AppData\Roaming\Composer\vendor\bin;C:\Program Files\Microsoft VS Code\bin;C:\Users\Administrator\AppData\Local\Microsoft\WindowsApps;C:\Users\Administrator\AppData\Roaming\npm;D:\Installs\spring-tool-suite-3.9.2.RELEASE-e4.7.2-win32-x86_64\sts-bundle\sts-3.9.2.RELEASE;
USERNAME=Administrator
OS=Windows_NT
PROCESSOR_IDENTIFIER=Intel64 Family 6 Model 61 Stepping 4, GenuineIntel



---------------  S Y S T E M  ---------------

OS: Windows 8.1 , 64 bit Build 9600 

CPU:total 4 (2 cores per cpu, 2 threads per core) family 6 model 61 stepping 4, cmov, cx8, fxsr, mmx, sse, sse2, sse3, ssse3, sse4.1, sse4.2, popcnt, avx, avx2, aes, clmul, erms, rtm, lzcnt, ht, tsc, tscinvbit, bmi1, bmi2

Memory: 4k page, physical 8274388k(1866752k free), swap 16662996k(6268000k free)

vm_info: Java HotSpot(TM) 64-Bit Server VM (25.31-b07) for windows-amd64 JRE (1.8.0_31-b13), built on Dec 17 2014 21:00:28 by "java_re" with MS VC++ 10.0 (VS2010)

time: Thu Aug 15 22:02:15 2019
elapsed time: 15066 seconds (0d 4h 11m 6s)

